Flow report for keyscan
Sat Jul 06 15:39:42 2019
Quartus II Version 9.0 Build 132 02/25/2009 SJ Web Edition


---------------------
; Table of Contents ;
---------------------
  1. Legal Notice
  2. Flow Summary
  3. Flow Settings
  4. Flow Non-Default Global Settings
  5. Flow Elapsed Time
  6. Flow OS Summary
  7. Flow Log



----------------
; Legal Notice ;
----------------
Copyright (C) 1991-2009 Altera Corporation
Your use of Altera Corporation's design tools, logic functions 
and other software and tools, and its AMPP partner logic 
functions, and any output files from any of the foregoing 
(including device programming or simulation files), and any 
associated documentation or information are expressly subject 
to the terms and conditions of the Altera Program License 
Subscription Agreement, Altera MegaCore Function License 
Agreement, or other applicable license agreement, including, 
without limitation, that your use is for the sole purpose of 
programming logic devices manufactured by Altera and sold by 
Altera or its authorized distributors.  Please refer to the 
applicable agreement for further details.



+-------------------------------------------------------------------+
; Flow Summary                                                      ;
+-------------------------+-----------------------------------------+
; Flow Status             ; Successful - Sat Jul 06 15:39:42 2019   ;
; Quartus II Version      ; 9.0 Build 132 02/25/2009 SJ Web Edition ;
; Revision Name           ; keyscan                                 ;
; Top-level Entity Name   ; FINAL                                   ;
; Family                  ; Cyclone                                 ;
; Device                  ; EP1C3T144C8                             ;
; Timing Models           ; Final                                   ;
; Met timing requirements ; No                                      ;
; Total logic elements    ; 111 / 2,910 ( 4 % )                     ;
; Total pins              ; 25 / 104 ( 24 % )                       ;
; Total virtual pins      ; 0                                       ;
; Total memory bits       ; 3,328 / 59,904 ( 6 % )                  ;
; Total PLLs              ; 0 / 1 ( 0 % )                           ;
+-------------------------+-----------------------------------------+


+-----------------------------------------+
; Flow Settings                           ;
+-------------------+---------------------+
; Option            ; Setting             ;
+-------------------+---------------------+
; Start date & time ; 07/06/2019 15:39:32 ;
; Main task         ; Compilation         ;
; Revision Name     ; keyscan             ;
+-------------------+---------------------+


+--------------------------------------------------------------------------------------------------------------------------------------------------+
; Flow Non-Default Global Settings                                                                                                                 ;
+------------------------------------+--------------------------------------------------------------+---------------+-------------+----------------+
; Assignment Name                    ; Value                                                        ; Default Value ; Entity Name ; Section Id     ;
+------------------------------------+--------------------------------------------------------------+---------------+-------------+----------------+
; COMPILER_SIGNATURE_ID              ; 136784549168418.156239877204408                              ; --            ; --          ; --             ;
; IP_TOOL_NAME                       ; LPM_ROM                                                      ; --            ; --          ; --             ;
; IP_TOOL_NAME                       ; LPM_ROM                                                      ; --            ; --          ; --             ;
; IP_TOOL_NAME                       ; LPM_ROM                                                      ; --            ; --          ; --             ;
; IP_TOOL_NAME                       ; LPM_COUNTER                                                  ; --            ; --          ; --             ;
; IP_TOOL_NAME                       ; LPM_ROM                                                      ; --            ; --          ; --             ;
; IP_TOOL_VERSION                    ; 9.0                                                          ; --            ; --          ; --             ;
; IP_TOOL_VERSION                    ; 9.0                                                          ; --            ; --          ; --             ;
; IP_TOOL_VERSION                    ; 9.0                                                          ; --            ; --          ; --             ;
; IP_TOOL_VERSION                    ; 9.0                                                          ; --            ; --          ; --             ;
; IP_TOOL_VERSION                    ; 9.0                                                          ; --            ; --          ; --             ;
; MAX_CORE_JUNCTION_TEMP             ; 85                                                           ; --            ; --          ; --             ;
; MIN_CORE_JUNCTION_TEMP             ; 0                                                            ; --            ; --          ; --             ;
; MISC_FILE                          ; E:/170910939课程设计/keyscan/keyscan.dpf                     ; --            ; --          ; --             ;
; MISC_FILE                          ; C:/Users/cloud/Desktop/170910939课程设计/keyscan/keyscan.dpf ; --            ; --          ; --             ;
; MISC_FILE                          ; E:/新建文件夹/170910939课程设计/keyscan/keyscan.dpf          ; --            ; --          ; --             ;
; MISC_FILE                          ; E:/0.507/170910939课程设计/keyscan/keyscan.dpf               ; --            ; --          ; --             ;
; MISC_FILE                          ; C:/Users/cloud/Desktop/0.7/keyscan/keyscan.dpf               ; --            ; --          ; --             ;
; MISC_FILE                          ; E:/0.72/keyscan/keyscan.dpf                                  ; --            ; --          ; --             ;
; MISC_FILE                          ; C:/Users/cloud/Desktop/课设/111/keyscan/keyscan.dpf          ; --            ; --          ; --             ;
; MISC_FILE                          ; ROM.tdf                                                      ; --            ; --          ; --             ;
; MISC_FILE                          ; ROM.bsf                                                      ; --            ; --          ; --             ;
; MISC_FILE                          ; ROM.inc                                                      ; --            ; --          ; --             ;
; MISC_FILE                          ; ROM2.tdf                                                     ; --            ; --          ; --             ;
; MISC_FILE                          ; ROM2.bsf                                                     ; --            ; --          ; --             ;
; MISC_FILE                          ; ROM2.inc                                                     ; --            ; --          ; --             ;
; MISC_FILE                          ; VOICE.tdf                                                    ; --            ; --          ; --             ;
; MISC_FILE                          ; VOICE.bsf                                                    ; --            ; --          ; --             ;
; MISC_FILE                          ; VOICE.inc                                                    ; --            ; --          ; --             ;
; MISC_FILE                          ; 16COUNTER.tdf                                                ; --            ; --          ; --             ;
; MISC_FILE                          ; 16COUNTER.bsf                                                ; --            ; --          ; --             ;
; MISC_FILE                          ; 16COUNTER.inc                                                ; --            ; --          ; --             ;
; MISC_FILE                          ; ROM3.tdf                                                     ; --            ; --          ; --             ;
; MISC_FILE                          ; ROM3.bsf                                                     ; --            ; --          ; --             ;
; MISC_FILE                          ; ROM3.inc                                                     ; --            ; --          ; --             ;
; PARTITION_COLOR                    ; 16764057                                                     ; --            ; FINAL       ; Top            ;
; PARTITION_NETLIST_TYPE             ; SOURCE                                                       ; --            ; FINAL       ; Top            ;
; TOP_LEVEL_ENTITY                   ; FINAL                                                        ; keyscan       ; --          ; --             ;
; USE_GENERATED_PHYSICAL_CONSTRAINTS ; Off                                                          ; --            ; --          ; eda_blast_fpga ;
+------------------------------------+--------------------------------------------------------------+---------------+-------------+----------------+


+-----------------------------------------------------------------------------------------------------------------------------+
; Flow Elapsed Time                                                                                                           ;
+-------------------------+--------------+-------------------------+---------------------+------------------------------------+
; Module Name             ; Elapsed Time ; Average Processors Used ; Peak Virtual Memory ; Total CPU Time (on all processors) ;
+-------------------------+--------------+-------------------------+---------------------+------------------------------------+
; Analysis & Synthesis    ; 00:00:03     ; 1.0                     ; 244 MB              ; 00:00:03                           ;
; Fitter                  ; 00:00:01     ; 1.0                     ; 240 MB              ; 00:00:02                           ;
; Assembler               ; 00:00:01     ; 1.0                     ; 205 MB              ; 00:00:02                           ;
; Classic Timing Analyzer ; 00:00:01     ; 1.0                     ; 173 MB              ; 00:00:01                           ;
; Total                   ; 00:00:06     ; --                      ; --                  ; 00:00:08                           ;
+-------------------------+--------------+-------------------------+---------------------+------------------------------------+


+------------------------------------------------------------------------------------------+
; Flow OS Summary                                                                          ;
+-------------------------+------------------+---------------+------------+----------------+
; Module Name             ; Machine Hostname ; OS Name       ; OS Version ; Processor type ;
+-------------------------+------------------+---------------+------------+----------------+
; Analysis & Synthesis    ; LAPTOP-1KRA41BB  ; Windows Vista ; 6.2        ; x86_64         ;
; Fitter                  ; LAPTOP-1KRA41BB  ; Windows Vista ; 6.2        ; x86_64         ;
; Assembler               ; LAPTOP-1KRA41BB  ; Windows Vista ; 6.2        ; x86_64         ;
; Classic Timing Analyzer ; LAPTOP-1KRA41BB  ; Windows Vista ; 6.2        ; x86_64         ;
+-------------------------+------------------+---------------+------------+----------------+


------------
; Flow Log ;
------------
quartus_map --read_settings_files=on --write_settings_files=off keyscan -c keyscan
quartus_fit --read_settings_files=off --write_settings_files=off keyscan -c keyscan
quartus_asm --read_settings_files=off --write_settings_files=off keyscan -c keyscan
quartus_tan --read_settings_files=off --write_settings_files=off keyscan -c keyscan --timing_analysis_only



