


ARM Macro Assembler    Page 1 


    1 00000000         
    2 00000000 00000400 
                       Stack_Size
                               EQU              0x400
    3 00000000         
    4 00000000                 AREA             STACK, NOINIT, READWRITE, ALIGN
=3
    5 00000000         Stack_Mem
                               SPACE            Stack_Size
    6 00000400         __initial_sp
    7 00000400         
    8 00000400         
    9 00000400         ; <h> Heap Configuration
   10 00000400         ;   <o>  Heap Size (in Bytes) <0x0-0xFFFFFFFF:8>
   11 00000400         ; </h>
   12 00000400         
   13 00000400 00000200 
                       Heap_Size
                               EQU              0x200
   14 00000400         
   15 00000400                 AREA             HEAP, NOINIT, READWRITE, ALIGN=
3
   16 00000000         __heap_base
   17 00000000         Heap_Mem
                               SPACE            Heap_Size
   18 00000200         __heap_limit
   19 00000200         
   20 00000200                 PRESERVE8
   21 00000200                 THUMB
   22 00000200         
   23 00000200         
   24 00000200         ; Vector Table Mapped to Address 0 at Reset
   25 00000200                 AREA             RESET, DATA, READONLY
   26 00000000                 EXPORT           __Vectors
   27 00000000                 EXPORT           __Vectors_End
   28 00000000                 EXPORT           __Vectors_Size
   29 00000000         
   30 00000000 00000000 
                       __Vectors
                               DCD              __initial_sp ; Top of Stack
   31 00000004 00000000        DCD              Reset_Handler ; Reset Handler
   32 00000008 00000000        DCD              NMI_Handler ; NMI Handler
   33 0000000C 00000000        DCD              HardFault_Handler ; Hard Fault 
                                                            Handler
   34 00000010 00000000        DCD              MemManage_Handler 
                                                            ; MPU Fault Handler
                                                            
   35 00000014 00000000        DCD              BusFault_Handler 
                                                            ; Bus Fault Handler
                                                            
   36 00000018 00000000        DCD              UsageFault_Handler ; Usage Faul
                                                            t Handler
   37 0000001C 00000000        DCD              0           ; Reserved
   38 00000020 00000000        DCD              0           ; Reserved
   39 00000024 00000000        DCD              0           ; Reserved
   40 00000028 00000000        DCD              0           ; Reserved
   41 0000002C 00000000        DCD              SVC_Handler ; SVCall Handler
   42 00000030 00000000        DCD              DebugMon_Handler ; Debug Monito
                                                            r Handler



ARM Macro Assembler    Page 2 


   43 00000034 00000000        DCD              0           ; Reserved
   44 00000038 00000000        DCD              PendSV_Handler ; PendSV Handler
                                                            
   45 0000003C 00000000        DCD              SysTick_Handler 
                                                            ; SysTick Handler
   46 00000040         
   47 00000040         ; External Interrupts
   48 00000040 00000000        DCD              WWDG_IRQHandler 
                                                            ; Window WatchDog
   49 00000044 00000000        DCD              PVD_PVM_IRQHandler ; PVD/PVM1/P
                                                            VM2/PVM3/PVM4 throu
                                                            gh EXTI Line detect
                                                            ion
   50 00000048 00000000        DCD              TAMP_STAMP_IRQHandler ; Tamper 
                                                            and TimeStamps thro
                                                            ugh the EXTI line
   51 0000004C 00000000        DCD              RTC_WKUP_IRQHandler ; RTC Wakeu
                                                            p through the EXTI 
                                                            line
   52 00000050 00000000        DCD              FLASH_IRQHandler ; FLASH
   53 00000054 00000000        DCD              RCC_IRQHandler ; RCC
   54 00000058 00000000        DCD              EXTI0_IRQHandler ; EXTI Line0
   55 0000005C 00000000        DCD              EXTI1_IRQHandler ; EXTI Line1
   56 00000060 00000000        DCD              EXTI2_IRQHandler ; EXTI Line2
   57 00000064 00000000        DCD              EXTI3_IRQHandler ; EXTI Line3
   58 00000068 00000000        DCD              EXTI4_IRQHandler ; EXTI Line4
   59 0000006C 00000000        DCD              DMA1_Channel1_IRQHandler 
                                                            ; DMA1 Channel 1
   60 00000070 00000000        DCD              DMA1_Channel2_IRQHandler 
                                                            ; DMA1 Channel 2
   61 00000074 00000000        DCD              DMA1_Channel3_IRQHandler 
                                                            ; DMA1 Channel 3
   62 00000078 00000000        DCD              DMA1_Channel4_IRQHandler 
                                                            ; DMA1 Channel 4
   63 0000007C 00000000        DCD              DMA1_Channel5_IRQHandler 
                                                            ; DMA1 Channel 5
   64 00000080 00000000        DCD              DMA1_Channel6_IRQHandler 
                                                            ; DMA1 Channel 6
   65 00000084 00000000        DCD              DMA1_Channel7_IRQHandler 
                                                            ; DMA1 Channel 7
   66 00000088 00000000        DCD              ADC1_2_IRQHandler ; ADC1, ADC2
   67 0000008C 00000000        DCD              CAN1_TX_IRQHandler ; CAN1 TX
   68 00000090 00000000        DCD              CAN1_RX0_IRQHandler ; CAN1 RX0
   69 00000094 00000000        DCD              CAN1_RX1_IRQHandler ; CAN1 RX1
   70 00000098 00000000        DCD              CAN1_SCE_IRQHandler ; CAN1 SCE
   71 0000009C 00000000        DCD              EXTI9_5_IRQHandler ; External L
                                                            ine[9:5]s
   72 000000A0 00000000        DCD              TIM1_BRK_TIM15_IRQHandler ; TIM
                                                            1 Break and TIM15
   73 000000A4 00000000        DCD              TIM1_UP_TIM16_IRQHandler ; TIM1
                                                             Update and TIM16
   74 000000A8 00000000        DCD              TIM1_TRG_COM_TIM17_IRQHandler ;
                                                             TIM1 Trigger and C
                                                            ommutation and TIM1
                                                            7
   75 000000AC 00000000        DCD              TIM1_CC_IRQHandler ; TIM1 Captu
                                                            re Compare
   76 000000B0 00000000        DCD              TIM2_IRQHandler ; TIM2
   77 000000B4 00000000        DCD              TIM3_IRQHandler ; TIM3



ARM Macro Assembler    Page 3 


   78 000000B8 00000000        DCD              TIM4_IRQHandler ; TIM4
   79 000000BC 00000000        DCD              I2C1_EV_IRQHandler ; I2C1 Event
                                                            
   80 000000C0 00000000        DCD              I2C1_ER_IRQHandler ; I2C1 Error
                                                            
   81 000000C4 00000000        DCD              I2C2_EV_IRQHandler ; I2C2 Event
                                                            
   82 000000C8 00000000        DCD              I2C2_ER_IRQHandler ; I2C2 Error
                                                            
   83 000000CC 00000000        DCD              SPI1_IRQHandler ; SPI1
   84 000000D0 00000000        DCD              SPI2_IRQHandler ; SPI2
   85 000000D4 00000000        DCD              USART1_IRQHandler ; USART1
   86 000000D8 00000000        DCD              USART2_IRQHandler ; USART2
   87 000000DC 00000000        DCD              USART3_IRQHandler ; USART3
   88 000000E0 00000000        DCD              EXTI15_10_IRQHandler ; External
                                                             Line[15:10]
   89 000000E4 00000000        DCD              RTC_Alarm_IRQHandler ; RTC Alar
                                                            m (A and B) through
                                                             EXTI Line
   90 000000E8 00000000        DCD              DFSDM1_FLT3_IRQHandler ; DFSDM1
                                                             Filter 3 global In
                                                            terrupt
   91 000000EC 00000000        DCD              TIM8_BRK_IRQHandler ; TIM8 Brea
                                                            k Interrupt
   92 000000F0 00000000        DCD              TIM8_UP_IRQHandler ; TIM8 Updat
                                                            e Interrupt
   93 000000F4 00000000        DCD              TIM8_TRG_COM_IRQHandler ; TIM8 
                                                            Trigger and Commuta
                                                            tion Interrupt
   94 000000F8 00000000        DCD              TIM8_CC_IRQHandler ; TIM8 Captu
                                                            re Compare Interrup
                                                            t
   95 000000FC 00000000        DCD              ADC3_IRQHandler ; ADC3 global  
                                                            Interrupt
   96 00000100 00000000        DCD              FMC_IRQHandler ; FMC
   97 00000104 00000000        DCD              SDMMC1_IRQHandler ; SDMMC1
   98 00000108 00000000        DCD              TIM5_IRQHandler ; TIM5
   99 0000010C 00000000        DCD              SPI3_IRQHandler ; SPI3
  100 00000110 00000000        DCD              UART4_IRQHandler ; UART4
  101 00000114 00000000        DCD              UART5_IRQHandler ; UART5
  102 00000118 00000000        DCD              TIM6_DAC_IRQHandler ; TIM6 and 
                                                            DAC1&2 underrun err
                                                            ors
  103 0000011C 00000000        DCD              TIM7_IRQHandler ; TIM7
  104 00000120 00000000        DCD              DMA2_Channel1_IRQHandler 
                                                            ; DMA2 Channel 1
  105 00000124 00000000        DCD              DMA2_Channel2_IRQHandler 
                                                            ; DMA2 Channel 2
  106 00000128 00000000        DCD              DMA2_Channel3_IRQHandler 
                                                            ; DMA2 Channel 3
  107 0000012C 00000000        DCD              DMA2_Channel4_IRQHandler 
                                                            ; DMA2 Channel 4
  108 00000130 00000000        DCD              DMA2_Channel5_IRQHandler 
                                                            ; DMA2 Channel 5
  109 00000134 00000000        DCD              DFSDM1_FLT0_IRQHandler ; DFSDM1
                                                             Filter 0 global In
                                                            terrupt
  110 00000138 00000000        DCD              DFSDM1_FLT1_IRQHandler ; DFSDM1
                                                             Filter 1 global In



ARM Macro Assembler    Page 4 


                                                            terrupt
  111 0000013C 00000000        DCD              DFSDM1_FLT2_IRQHandler ; DFSDM1
                                                             Filter 2 global In
                                                            terrupt
  112 00000140 00000000        DCD              COMP_IRQHandler 
                                                            ; COMP Interrupt
  113 00000144 00000000        DCD              LPTIM1_IRQHandler 
                                                            ; LP TIM1 interrupt
                                                            
  114 00000148 00000000        DCD              LPTIM2_IRQHandler 
                                                            ; LP TIM2 interrupt
                                                            
  115 0000014C 00000000        DCD              OTG_FS_IRQHandler ; USB OTG FS
  116 00000150 00000000        DCD              DMA2_Channel6_IRQHandler 
                                                            ; DMA2 Channel 6
  117 00000154 00000000        DCD              DMA2_Channel7_IRQHandler 
                                                            ; DMA2 Channel 7
  118 00000158 00000000        DCD              LPUART1_IRQHandler ; LP UART1 i
                                                            nterrupt
  119 0000015C 00000000        DCD              QUADSPI_IRQHandler ; Quad SPI g
                                                            lobal interrupt
  120 00000160 00000000        DCD              I2C3_EV_IRQHandler ; I2C3 event
                                                            
  121 00000164 00000000        DCD              I2C3_ER_IRQHandler ; I2C3 error
                                                            
  122 00000168 00000000        DCD              SAI1_IRQHandler ; Serial Audio 
                                                            Interface 1 global 
                                                            interrupt
  123 0000016C 00000000        DCD              SAI2_IRQHandler ; Serial Audio 
                                                            Interface 2 global 
                                                            interrupt
  124 00000170 00000000        DCD              SWPMI1_IRQHandler ; Serial Wire
                                                             Interface 1 global
                                                             interrupt
  125 00000174 00000000        DCD              TSC_IRQHandler ; Touch Sense Co
                                                            ntroller global int
                                                            errupt
  126 00000178 00000000        DCD              LCD_IRQHandler ; LCD global int
                                                            errupt
  127 0000017C 00000000        DCD              0           ; Reserved 
  128 00000180 00000000        DCD              RNG_IRQHandler ; RNG global int
                                                            errupt
  129 00000184 00000000        DCD              FPU_IRQHandler ; FPU
  130 00000188 00000000        DCD              CRS_IRQHandler ; CRS error
  131 0000018C 00000000        DCD              I2C4_EV_IRQHandler ; I2C4 event
                                                            
  132 00000190 00000000        DCD              I2C4_ER_IRQHandler ; I2C4 error
                                                            
  133 00000194 00000000        DCD              DCMI_IRQHandler ; DCMI global i
                                                            nterrupt
  134 00000198 00000000        DCD              CAN2_TX_IRQHandler ; CAN2 TX
  135 0000019C 00000000        DCD              CAN2_RX0_IRQHandler ; CAN2 RX0
  136 000001A0 00000000        DCD              CAN2_RX1_IRQHandler ; CAN2 RX1
  137 000001A4 00000000        DCD              CAN2_SCE_IRQHandler ; CAN2 SCE
  138 000001A8 00000000        DCD              DMA2D_IRQHandler ; DMA2D global
                                                             interrupt         
                                                                       
  139 000001AC         
  140 000001AC         __Vectors_End



ARM Macro Assembler    Page 5 


  141 000001AC         
  142 000001AC 000001AC 
                       __Vectors_Size
                               EQU              __Vectors_End - __Vectors
  143 000001AC         
  144 000001AC                 AREA             |.text|, CODE, READONLY
  145 00000000         
  146 00000000         ; Reset handler
  147 00000000         Reset_Handler
                               PROC
  148 00000000                 EXPORT           Reset_Handler             [WEAK
]
  149 00000000                 IMPORT           SystemInit
  150 00000000                 IMPORT           __main
  151 00000000         
  152 00000000 4806            LDR              R0, =SystemInit
  153 00000002 4780            BLX              R0
  154 00000004 4806            LDR              R0, =__main
  155 00000006 4700            BX               R0
  156 00000008                 ENDP
  157 00000008         
  158 00000008         ; Dummy Exception Handlers (infinite loops which can be 
                       modified)
  159 00000008         
  160 00000008         NMI_Handler
                               PROC
  161 00000008                 EXPORT           NMI_Handler                [WEA
K]
  162 00000008 E7FE            B                .
  163 0000000A                 ENDP
  165 0000000A         HardFault_Handler
                               PROC
  166 0000000A                 EXPORT           HardFault_Handler          [WEA
K]
  167 0000000A E7FE            B                .
  168 0000000C                 ENDP
  170 0000000C         MemManage_Handler
                               PROC
  171 0000000C                 EXPORT           MemManage_Handler          [WEA
K]
  172 0000000C E7FE            B                .
  173 0000000E                 ENDP
  175 0000000E         BusFault_Handler
                               PROC
  176 0000000E                 EXPORT           BusFault_Handler           [WEA
K]
  177 0000000E E7FE            B                .
  178 00000010                 ENDP
  180 00000010         UsageFault_Handler
                               PROC
  181 00000010                 EXPORT           UsageFault_Handler         [WEA
K]
  182 00000010 E7FE            B                .
  183 00000012                 ENDP
  184 00000012         SVC_Handler
                               PROC
  185 00000012                 EXPORT           SVC_Handler                [WEA
K]
  186 00000012 E7FE            B                .



ARM Macro Assembler    Page 6 


  187 00000014                 ENDP
  189 00000014         DebugMon_Handler
                               PROC
  190 00000014                 EXPORT           DebugMon_Handler           [WEA
K]
  191 00000014 E7FE            B                .
  192 00000016                 ENDP
  193 00000016         PendSV_Handler
                               PROC
  194 00000016                 EXPORT           PendSV_Handler             [WEA
K]
  195 00000016 E7FE            B                .
  196 00000018                 ENDP
  197 00000018         SysTick_Handler
                               PROC
  198 00000018                 EXPORT           SysTick_Handler            [WEA
K]
  199 00000018 E7FE            B                .
  200 0000001A                 ENDP
  201 0000001A         
  202 0000001A         Default_Handler
                               PROC
  203 0000001A         
  204 0000001A                 EXPORT           WWDG_IRQHandler                
   [WEAK]
  205 0000001A                 EXPORT           PVD_PVM_IRQHandler             
   [WEAK]
  206 0000001A                 EXPORT           TAMP_STAMP_IRQHandler          
   [WEAK]
  207 0000001A                 EXPORT           RTC_WKUP_IRQHandler            
   [WEAK]
  208 0000001A                 EXPORT           FLASH_IRQHandler               
   [WEAK]
  209 0000001A                 EXPORT           RCC_IRQHandler                 
   [WEAK]
  210 0000001A                 EXPORT           EXTI0_IRQHandler               
   [WEAK]
  211 0000001A                 EXPORT           EXTI1_IRQHandler               
   [WEAK]
  212 0000001A                 EXPORT           EXTI2_IRQHandler               
   [WEAK]
  213 0000001A                 EXPORT           EXTI3_IRQHandler               
   [WEAK]
  214 0000001A                 EXPORT           EXTI4_IRQHandler               
   [WEAK]
  215 0000001A                 EXPORT           DMA1_Channel1_IRQHandler       
   [WEAK]
  216 0000001A                 EXPORT           DMA1_Channel2_IRQHandler       
   [WEAK]
  217 0000001A                 EXPORT           DMA1_Channel3_IRQHandler       
   [WEAK]
  218 0000001A                 EXPORT           DMA1_Channel4_IRQHandler       
   [WEAK]
  219 0000001A                 EXPORT           DMA1_Channel5_IRQHandler       
   [WEAK]
  220 0000001A                 EXPORT           DMA1_Channel6_IRQHandler       
   [WEAK]
  221 0000001A                 EXPORT           DMA1_Channel7_IRQHandler       
   [WEAK]



ARM Macro Assembler    Page 7 


  222 0000001A                 EXPORT           ADC1_2_IRQHandler              
   [WEAK]
  223 0000001A                 EXPORT           CAN1_TX_IRQHandler             
   [WEAK]
  224 0000001A                 EXPORT           CAN1_RX0_IRQHandler            
   [WEAK]
  225 0000001A                 EXPORT           CAN1_RX1_IRQHandler            
   [WEAK]
  226 0000001A                 EXPORT           CAN1_SCE_IRQHandler            
   [WEAK]
  227 0000001A                 EXPORT           EXTI9_5_IRQHandler             
   [WEAK]
  228 0000001A                 EXPORT           TIM1_BRK_TIM15_IRQHandler      
   [WEAK]
  229 0000001A                 EXPORT           TIM1_UP_TIM16_IRQHandler       
   [WEAK]
  230 0000001A                 EXPORT           TIM1_TRG_COM_TIM17_IRQHandler  
   [WEAK]
  231 0000001A                 EXPORT           TIM1_CC_IRQHandler             
   [WEAK]
  232 0000001A                 EXPORT           TIM2_IRQHandler                
   [WEAK]
  233 0000001A                 EXPORT           TIM3_IRQHandler                
   [WEAK]
  234 0000001A                 EXPORT           TIM4_IRQHandler                
   [WEAK]
  235 0000001A                 EXPORT           I2C1_EV_IRQHandler             
   [WEAK]
  236 0000001A                 EXPORT           I2C1_ER_IRQHandler             
   [WEAK]
  237 0000001A                 EXPORT           I2C2_EV_IRQHandler             
   [WEAK]
  238 0000001A                 EXPORT           I2C2_ER_IRQHandler             
   [WEAK]
  239 0000001A                 EXPORT           SPI1_IRQHandler                
   [WEAK]
  240 0000001A                 EXPORT           SPI2_IRQHandler                
   [WEAK]
  241 0000001A                 EXPORT           USART1_IRQHandler              
   [WEAK]
  242 0000001A                 EXPORT           USART2_IRQHandler              
   [WEAK]
  243 0000001A                 EXPORT           USART3_IRQHandler              
   [WEAK]
  244 0000001A                 EXPORT           EXTI15_10_IRQHandler           
   [WEAK]
  245 0000001A                 EXPORT           RTC_Alarm_IRQHandler           
   [WEAK]
  246 0000001A                 EXPORT           DFSDM1_FLT3_IRQHandler         
        [WEAK]
  247 0000001A                 EXPORT           TIM8_BRK_IRQHandler            
   [WEAK]
  248 0000001A                 EXPORT           TIM8_UP_IRQHandler             
   [WEAK]
  249 0000001A                 EXPORT           TIM8_TRG_COM_IRQHandler        
   [WEAK]
  250 0000001A                 EXPORT           TIM8_CC_IRQHandler             
   [WEAK]
  251 0000001A                 EXPORT           ADC3_IRQHandler                



ARM Macro Assembler    Page 8 


   [WEAK]
  252 0000001A                 EXPORT           FMC_IRQHandler                 
   [WEAK]
  253 0000001A                 EXPORT           SDMMC1_IRQHandler              
   [WEAK]
  254 0000001A                 EXPORT           TIM5_IRQHandler                
   [WEAK]
  255 0000001A                 EXPORT           SPI3_IRQHandler                
   [WEAK]
  256 0000001A                 EXPORT           UART4_IRQHandler               
   [WEAK]
  257 0000001A                 EXPORT           UART5_IRQHandler               
   [WEAK]
  258 0000001A                 EXPORT           TIM6_DAC_IRQHandler            
   [WEAK]
  259 0000001A                 EXPORT           TIM7_IRQHandler                
   [WEAK]
  260 0000001A                 EXPORT           DMA2_Channel1_IRQHandler       
   [WEAK]
  261 0000001A                 EXPORT           DMA2_Channel2_IRQHandler       
   [WEAK]
  262 0000001A                 EXPORT           DMA2_Channel3_IRQHandler       
   [WEAK]
  263 0000001A                 EXPORT           DMA2_Channel4_IRQHandler       
   [WEAK]
  264 0000001A                 EXPORT           DMA2_Channel5_IRQHandler       
   [WEAK]
  265 0000001A                 EXPORT           DFSDM1_FLT0_IRQHandler         
   [WEAK]
  266 0000001A                 EXPORT           DFSDM1_FLT1_IRQHandler         
   [WEAK]
  267 0000001A                 EXPORT           DFSDM1_FLT2_IRQHandler         
   [WEAK]
  268 0000001A                 EXPORT           COMP_IRQHandler                
   [WEAK]
  269 0000001A                 EXPORT           LPTIM1_IRQHandler              
   [WEAK]
  270 0000001A                 EXPORT           LPTIM2_IRQHandler              
   [WEAK]
  271 0000001A                 EXPORT           OTG_FS_IRQHandler              
   [WEAK]
  272 0000001A                 EXPORT           DMA2_Channel6_IRQHandler       
   [WEAK]
  273 0000001A                 EXPORT           DMA2_Channel7_IRQHandler       
   [WEAK]
  274 0000001A                 EXPORT           LPUART1_IRQHandler             
   [WEAK]
  275 0000001A                 EXPORT           QUADSPI_IRQHandler             
   [WEAK]
  276 0000001A                 EXPORT           I2C3_EV_IRQHandler             
   [WEAK]
  277 0000001A                 EXPORT           I2C3_ER_IRQHandler             
   [WEAK]
  278 0000001A                 EXPORT           SAI1_IRQHandler                
   [WEAK]
  279 0000001A                 EXPORT           SAI2_IRQHandler                
   [WEAK]
  280 0000001A                 EXPORT           SWPMI1_IRQHandler              
   [WEAK]



ARM Macro Assembler    Page 9 


  281 0000001A                 EXPORT           TSC_IRQHandler                 
   [WEAK]
  282 0000001A                 EXPORT           LCD_IRQHandler                 
   [WEAK]
  283 0000001A                 EXPORT           RNG_IRQHandler                 
   [WEAK]
  284 0000001A                 EXPORT           FPU_IRQHandler                 
   [WEAK]
  285 0000001A                 EXPORT           CRS_IRQHandler                 
   [WEAK]
  286 0000001A                 EXPORT           I2C4_EV_IRQHandler             
   [WEAK]
  287 0000001A                 EXPORT           I2C4_ER_IRQHandler             
   [WEAK]
  288 0000001A                 EXPORT           DCMI_IRQHandler                
   [WEAK]
  289 0000001A                 EXPORT           CAN2_TX_IRQHandler             
   [WEAK]
  290 0000001A                 EXPORT           CAN2_RX0_IRQHandler            
   [WEAK]
  291 0000001A                 EXPORT           CAN2_RX1_IRQHandler            
   [WEAK]
  292 0000001A                 EXPORT           CAN2_SCE_IRQHandler            
   [WEAK]
  293 0000001A                 EXPORT           DMA2D_IRQHandler               
   [WEAK]
  294 0000001A         
  295 0000001A         WWDG_IRQHandler
  296 0000001A         PVD_PVM_IRQHandler
  297 0000001A         TAMP_STAMP_IRQHandler
  298 0000001A         RTC_WKUP_IRQHandler
  299 0000001A         FLASH_IRQHandler
  300 0000001A         RCC_IRQHandler
  301 0000001A         EXTI0_IRQHandler
  302 0000001A         EXTI1_IRQHandler
  303 0000001A         EXTI2_IRQHandler
  304 0000001A         EXTI3_IRQHandler
  305 0000001A         EXTI4_IRQHandler
  306 0000001A         DMA1_Channel1_IRQHandler
  307 0000001A         DMA1_Channel2_IRQHandler
  308 0000001A         DMA1_Channel3_IRQHandler
  309 0000001A         DMA1_Channel4_IRQHandler
  310 0000001A         DMA1_Channel5_IRQHandler
  311 0000001A         DMA1_Channel6_IRQHandler
  312 0000001A         DMA1_Channel7_IRQHandler
  313 0000001A         ADC1_2_IRQHandler
  314 0000001A         CAN1_TX_IRQHandler
  315 0000001A         CAN1_RX0_IRQHandler
  316 0000001A         CAN1_RX1_IRQHandler
  317 0000001A         CAN1_SCE_IRQHandler
  318 0000001A         EXTI9_5_IRQHandler
  319 0000001A         TIM1_BRK_TIM15_IRQHandler
  320 0000001A         TIM1_UP_TIM16_IRQHandler
  321 0000001A         TIM1_TRG_COM_TIM17_IRQHandler
  322 0000001A         TIM1_CC_IRQHandler
  323 0000001A         TIM2_IRQHandler
  324 0000001A         TIM3_IRQHandler
  325 0000001A         TIM4_IRQHandler
  326 0000001A         I2C1_EV_IRQHandler



ARM Macro Assembler    Page 10 


  327 0000001A         I2C1_ER_IRQHandler
  328 0000001A         I2C2_EV_IRQHandler
  329 0000001A         I2C2_ER_IRQHandler
  330 0000001A         SPI1_IRQHandler
  331 0000001A         SPI2_IRQHandler
  332 0000001A         USART1_IRQHandler
  333 0000001A         USART2_IRQHandler
  334 0000001A         USART3_IRQHandler
  335 0000001A         EXTI15_10_IRQHandler
  336 0000001A         RTC_Alarm_IRQHandler
  337 0000001A         DFSDM1_FLT3_IRQHandler
  338 0000001A         TIM8_BRK_IRQHandler
  339 0000001A         TIM8_UP_IRQHandler
  340 0000001A         TIM8_TRG_COM_IRQHandler
  341 0000001A         TIM8_CC_IRQHandler
  342 0000001A         ADC3_IRQHandler
  343 0000001A         FMC_IRQHandler
  344 0000001A         SDMMC1_IRQHandler
  345 0000001A         TIM5_IRQHandler
  346 0000001A         SPI3_IRQHandler
  347 0000001A         UART4_IRQHandler
  348 0000001A         UART5_IRQHandler
  349 0000001A         TIM6_DAC_IRQHandler
  350 0000001A         TIM7_IRQHandler
  351 0000001A         DMA2_Channel1_IRQHandler
  352 0000001A         DMA2_Channel2_IRQHandler
  353 0000001A         DMA2_Channel3_IRQHandler
  354 0000001A         DMA2_Channel4_IRQHandler
  355 0000001A         DMA2_Channel5_IRQHandler
  356 0000001A         DFSDM1_FLT0_IRQHandler
  357 0000001A         DFSDM1_FLT1_IRQHandler
  358 0000001A         DFSDM1_FLT2_IRQHandler
  359 0000001A         COMP_IRQHandler
  360 0000001A         LPTIM1_IRQHandler
  361 0000001A         LPTIM2_IRQHandler
  362 0000001A         OTG_FS_IRQHandler
  363 0000001A         DMA2_Channel6_IRQHandler
  364 0000001A         DMA2_Channel7_IRQHandler
  365 0000001A         LPUART1_IRQHandler
  366 0000001A         QUADSPI_IRQHandler
  367 0000001A         I2C3_EV_IRQHandler
  368 0000001A         I2C3_ER_IRQHandler
  369 0000001A         SAI1_IRQHandler
  370 0000001A         SAI2_IRQHandler
  371 0000001A         SWPMI1_IRQHandler
  372 0000001A         TSC_IRQHandler
  373 0000001A         LCD_IRQHandler
  374 0000001A         RNG_IRQHandler
  375 0000001A         FPU_IRQHandler
  376 0000001A         CRS_IRQHandler
  377 0000001A         I2C4_EV_IRQHandler
  378 0000001A         I2C4_ER_IRQHandler
  379 0000001A         DCMI_IRQHandler
  380 0000001A         CAN2_TX_IRQHandler
  381 0000001A         CAN2_RX0_IRQHandler
  382 0000001A         CAN2_RX1_IRQHandler
  383 0000001A         CAN2_SCE_IRQHandler
  384 0000001A         DMA2D_IRQHandler
  385 0000001A         



ARM Macro Assembler    Page 11 


  386 0000001A E7FE            B                .
  387 0000001C         
  388 0000001C                 ENDP
  389 0000001C         
  390 0000001C                 ALIGN
  391 0000001C         
  392 0000001C         ;*******************************************************
                       ************************
  393 0000001C         ; User Stack and Heap initialization
  394 0000001C         ;*******************************************************
                       ************************
  395 0000001C                 IF               :DEF:__MICROLIB
  396 0000001C         
  397 0000001C                 EXPORT           __initial_sp
  398 0000001C                 EXPORT           __heap_base
  399 0000001C                 EXPORT           __heap_limit
  400 0000001C         
  401 0000001C                 ELSE
  416                          ENDIF
  417 0000001C         
  418 0000001C                 END
              00000000 
              00000000 
Command Line: --debug --xref --cpu=Cortex-M4.fp --apcs=interwork --depend=test0
02\startup_stm32l496xx.d -otest002\startup_stm32l496xx.o -IC:\Users\cloud\Docum
ents\DeveloperKit_bmp280_shtc1_v001\MDK-ARM\RTE -IC:\Keil\ARM\PACK\ARM\CMSIS\3.
20.3\CMSIS\Include --predefine="__MICROLIB SETA 1" --list=startup_stm32l496xx.l
st startup_stm32l496xx.s



ARM Macro Assembler    Page 1 Alphabetic symbol ordering
Relocatable symbols

STACK 00000000

Symbol: STACK
   Definitions
      At line 4 in file startup_stm32l496xx.s
   Uses
      None
Comment: STACK unused
Stack_Mem 00000000

Symbol: Stack_Mem
   Definitions
      At line 5 in file startup_stm32l496xx.s
   Uses
      None
Comment: Stack_Mem unused
__initial_sp 00000400

Symbol: __initial_sp
   Definitions
      At line 6 in file startup_stm32l496xx.s
   Uses
      At line 30 in file startup_stm32l496xx.s
      At line 397 in file startup_stm32l496xx.s

3 symbols



ARM Macro Assembler    Page 1 Alphabetic symbol ordering
Relocatable symbols

HEAP 00000000

Symbol: HEAP
   Definitions
      At line 15 in file startup_stm32l496xx.s
   Uses
      None
Comment: HEAP unused
Heap_Mem 00000000

Symbol: Heap_Mem
   Definitions
      At line 17 in file startup_stm32l496xx.s
   Uses
      None
Comment: Heap_Mem unused
__heap_base 00000000

Symbol: __heap_base
   Definitions
      At line 16 in file startup_stm32l496xx.s
   Uses
      At line 398 in file startup_stm32l496xx.s
Comment: __heap_base used once
__heap_limit 00000200

Symbol: __heap_limit
   Definitions
      At line 18 in file startup_stm32l496xx.s
   Uses
      At line 399 in file startup_stm32l496xx.s
Comment: __heap_limit used once
4 symbols



ARM Macro Assembler    Page 1 Alphabetic symbol ordering
Relocatable symbols

RESET 00000000

Symbol: RESET
   Definitions
      At line 25 in file startup_stm32l496xx.s
   Uses
      None
Comment: RESET unused
__Vectors 00000000

Symbol: __Vectors
   Definitions
      At line 30 in file startup_stm32l496xx.s
   Uses
      At line 26 in file startup_stm32l496xx.s
      At line 142 in file startup_stm32l496xx.s

__Vectors_End 000001AC

Symbol: __Vectors_End
   Definitions
      At line 140 in file startup_stm32l496xx.s
   Uses
      At line 27 in file startup_stm32l496xx.s
      At line 142 in file startup_stm32l496xx.s

3 symbols



ARM Macro Assembler    Page 1 Alphabetic symbol ordering
Relocatable symbols

.text 00000000

Symbol: .text
   Definitions
      At line 144 in file startup_stm32l496xx.s
   Uses
      None
Comment: .text unused
ADC1_2_IRQHandler 0000001A

Symbol: ADC1_2_IRQHandler
   Definitions
      At line 313 in file startup_stm32l496xx.s
   Uses
      At line 66 in file startup_stm32l496xx.s
      At line 222 in file startup_stm32l496xx.s

ADC3_IRQHandler 0000001A

Symbol: ADC3_IRQHandler
   Definitions
      At line 342 in file startup_stm32l496xx.s
   Uses
      At line 95 in file startup_stm32l496xx.s
      At line 251 in file startup_stm32l496xx.s

BusFault_Handler 0000000E

Symbol: BusFault_Handler
   Definitions
      At line 175 in file startup_stm32l496xx.s
   Uses
      At line 35 in file startup_stm32l496xx.s
      At line 176 in file startup_stm32l496xx.s

CAN1_RX0_IRQHandler 0000001A

Symbol: CAN1_RX0_IRQHandler
   Definitions
      At line 315 in file startup_stm32l496xx.s
   Uses
      At line 68 in file startup_stm32l496xx.s
      At line 224 in file startup_stm32l496xx.s

CAN1_RX1_IRQHandler 0000001A

Symbol: CAN1_RX1_IRQHandler
   Definitions
      At line 316 in file startup_stm32l496xx.s
   Uses
      At line 69 in file startup_stm32l496xx.s
      At line 225 in file startup_stm32l496xx.s

CAN1_SCE_IRQHandler 0000001A

Symbol: CAN1_SCE_IRQHandler
   Definitions
      At line 317 in file startup_stm32l496xx.s
   Uses



ARM Macro Assembler    Page 2 Alphabetic symbol ordering
Relocatable symbols

      At line 70 in file startup_stm32l496xx.s
      At line 226 in file startup_stm32l496xx.s

CAN1_TX_IRQHandler 0000001A

Symbol: CAN1_TX_IRQHandler
   Definitions
      At line 314 in file startup_stm32l496xx.s
   Uses
      At line 67 in file startup_stm32l496xx.s
      At line 223 in file startup_stm32l496xx.s

CAN2_RX0_IRQHandler 0000001A

Symbol: CAN2_RX0_IRQHandler
   Definitions
      At line 381 in file startup_stm32l496xx.s
   Uses
      At line 135 in file startup_stm32l496xx.s
      At line 290 in file startup_stm32l496xx.s

CAN2_RX1_IRQHandler 0000001A

Symbol: CAN2_RX1_IRQHandler
   Definitions
      At line 382 in file startup_stm32l496xx.s
   Uses
      At line 136 in file startup_stm32l496xx.s
      At line 291 in file startup_stm32l496xx.s

CAN2_SCE_IRQHandler 0000001A

Symbol: CAN2_SCE_IRQHandler
   Definitions
      At line 383 in file startup_stm32l496xx.s
   Uses
      At line 137 in file startup_stm32l496xx.s
      At line 292 in file startup_stm32l496xx.s

CAN2_TX_IRQHandler 0000001A

Symbol: CAN2_TX_IRQHandler
   Definitions
      At line 380 in file startup_stm32l496xx.s
   Uses
      At line 134 in file startup_stm32l496xx.s
      At line 289 in file startup_stm32l496xx.s

COMP_IRQHandler 0000001A

Symbol: COMP_IRQHandler
   Definitions
      At line 359 in file startup_stm32l496xx.s
   Uses
      At line 112 in file startup_stm32l496xx.s
      At line 268 in file startup_stm32l496xx.s

CRS_IRQHandler 0000001A




ARM Macro Assembler    Page 3 Alphabetic symbol ordering
Relocatable symbols

Symbol: CRS_IRQHandler
   Definitions
      At line 376 in file startup_stm32l496xx.s
   Uses
      At line 130 in file startup_stm32l496xx.s
      At line 285 in file startup_stm32l496xx.s

DCMI_IRQHandler 0000001A

Symbol: DCMI_IRQHandler
   Definitions
      At line 379 in file startup_stm32l496xx.s
   Uses
      At line 133 in file startup_stm32l496xx.s
      At line 288 in file startup_stm32l496xx.s

DFSDM1_FLT0_IRQHandler 0000001A

Symbol: DFSDM1_FLT0_IRQHandler
   Definitions
      At line 356 in file startup_stm32l496xx.s
   Uses
      At line 109 in file startup_stm32l496xx.s
      At line 265 in file startup_stm32l496xx.s

DFSDM1_FLT1_IRQHandler 0000001A

Symbol: DFSDM1_FLT1_IRQHandler
   Definitions
      At line 357 in file startup_stm32l496xx.s
   Uses
      At line 110 in file startup_stm32l496xx.s
      At line 266 in file startup_stm32l496xx.s

DFSDM1_FLT2_IRQHandler 0000001A

Symbol: DFSDM1_FLT2_IRQHandler
   Definitions
      At line 358 in file startup_stm32l496xx.s
   Uses
      At line 111 in file startup_stm32l496xx.s
      At line 267 in file startup_stm32l496xx.s

DFSDM1_FLT3_IRQHandler 0000001A

Symbol: DFSDM1_FLT3_IRQHandler
   Definitions
      At line 337 in file startup_stm32l496xx.s
   Uses
      At line 90 in file startup_stm32l496xx.s
      At line 246 in file startup_stm32l496xx.s

DMA1_Channel1_IRQHandler 0000001A

Symbol: DMA1_Channel1_IRQHandler
   Definitions
      At line 306 in file startup_stm32l496xx.s
   Uses
      At line 59 in file startup_stm32l496xx.s



ARM Macro Assembler    Page 4 Alphabetic symbol ordering
Relocatable symbols

      At line 215 in file startup_stm32l496xx.s

DMA1_Channel2_IRQHandler 0000001A

Symbol: DMA1_Channel2_IRQHandler
   Definitions
      At line 307 in file startup_stm32l496xx.s
   Uses
      At line 60 in file startup_stm32l496xx.s
      At line 216 in file startup_stm32l496xx.s

DMA1_Channel3_IRQHandler 0000001A

Symbol: DMA1_Channel3_IRQHandler
   Definitions
      At line 308 in file startup_stm32l496xx.s
   Uses
      At line 61 in file startup_stm32l496xx.s
      At line 217 in file startup_stm32l496xx.s

DMA1_Channel4_IRQHandler 0000001A

Symbol: DMA1_Channel4_IRQHandler
   Definitions
      At line 309 in file startup_stm32l496xx.s
   Uses
      At line 62 in file startup_stm32l496xx.s
      At line 218 in file startup_stm32l496xx.s

DMA1_Channel5_IRQHandler 0000001A

Symbol: DMA1_Channel5_IRQHandler
   Definitions
      At line 310 in file startup_stm32l496xx.s
   Uses
      At line 63 in file startup_stm32l496xx.s
      At line 219 in file startup_stm32l496xx.s

DMA1_Channel6_IRQHandler 0000001A

Symbol: DMA1_Channel6_IRQHandler
   Definitions
      At line 311 in file startup_stm32l496xx.s
   Uses
      At line 64 in file startup_stm32l496xx.s
      At line 220 in file startup_stm32l496xx.s

DMA1_Channel7_IRQHandler 0000001A

Symbol: DMA1_Channel7_IRQHandler
   Definitions
      At line 312 in file startup_stm32l496xx.s
   Uses
      At line 65 in file startup_stm32l496xx.s
      At line 221 in file startup_stm32l496xx.s

DMA2D_IRQHandler 0000001A

Symbol: DMA2D_IRQHandler



ARM Macro Assembler    Page 5 Alphabetic symbol ordering
Relocatable symbols

   Definitions
      At line 384 in file startup_stm32l496xx.s
   Uses
      At line 138 in file startup_stm32l496xx.s
      At line 293 in file startup_stm32l496xx.s

DMA2_Channel1_IRQHandler 0000001A

Symbol: DMA2_Channel1_IRQHandler
   Definitions
      At line 351 in file startup_stm32l496xx.s
   Uses
      At line 104 in file startup_stm32l496xx.s
      At line 260 in file startup_stm32l496xx.s

DMA2_Channel2_IRQHandler 0000001A

Symbol: DMA2_Channel2_IRQHandler
   Definitions
      At line 352 in file startup_stm32l496xx.s
   Uses
      At line 105 in file startup_stm32l496xx.s
      At line 261 in file startup_stm32l496xx.s

DMA2_Channel3_IRQHandler 0000001A

Symbol: DMA2_Channel3_IRQHandler
   Definitions
      At line 353 in file startup_stm32l496xx.s
   Uses
      At line 106 in file startup_stm32l496xx.s
      At line 262 in file startup_stm32l496xx.s

DMA2_Channel4_IRQHandler 0000001A

Symbol: DMA2_Channel4_IRQHandler
   Definitions
      At line 354 in file startup_stm32l496xx.s
   Uses
      At line 107 in file startup_stm32l496xx.s
      At line 263 in file startup_stm32l496xx.s

DMA2_Channel5_IRQHandler 0000001A

Symbol: DMA2_Channel5_IRQHandler
   Definitions
      At line 355 in file startup_stm32l496xx.s
   Uses
      At line 108 in file startup_stm32l496xx.s
      At line 264 in file startup_stm32l496xx.s

DMA2_Channel6_IRQHandler 0000001A

Symbol: DMA2_Channel6_IRQHandler
   Definitions
      At line 363 in file startup_stm32l496xx.s
   Uses
      At line 116 in file startup_stm32l496xx.s
      At line 272 in file startup_stm32l496xx.s



ARM Macro Assembler    Page 6 Alphabetic symbol ordering
Relocatable symbols


DMA2_Channel7_IRQHandler 0000001A

Symbol: DMA2_Channel7_IRQHandler
   Definitions
      At line 364 in file startup_stm32l496xx.s
   Uses
      At line 117 in file startup_stm32l496xx.s
      At line 273 in file startup_stm32l496xx.s

DebugMon_Handler 00000014

Symbol: DebugMon_Handler
   Definitions
      At line 189 in file startup_stm32l496xx.s
   Uses
      At line 42 in file startup_stm32l496xx.s
      At line 190 in file startup_stm32l496xx.s

Default_Handler 0000001A

Symbol: Default_Handler
   Definitions
      At line 202 in file startup_stm32l496xx.s
   Uses
      None
Comment: Default_Handler unused
EXTI0_IRQHandler 0000001A

Symbol: EXTI0_IRQHandler
   Definitions
      At line 301 in file startup_stm32l496xx.s
   Uses
      At line 54 in file startup_stm32l496xx.s
      At line 210 in file startup_stm32l496xx.s

EXTI15_10_IRQHandler 0000001A

Symbol: EXTI15_10_IRQHandler
   Definitions
      At line 335 in file startup_stm32l496xx.s
   Uses
      At line 88 in file startup_stm32l496xx.s
      At line 244 in file startup_stm32l496xx.s

EXTI1_IRQHandler 0000001A

Symbol: EXTI1_IRQHandler
   Definitions
      At line 302 in file startup_stm32l496xx.s
   Uses
      At line 55 in file startup_stm32l496xx.s
      At line 211 in file startup_stm32l496xx.s

EXTI2_IRQHandler 0000001A

Symbol: EXTI2_IRQHandler
   Definitions
      At line 303 in file startup_stm32l496xx.s



ARM Macro Assembler    Page 7 Alphabetic symbol ordering
Relocatable symbols

   Uses
      At line 56 in file startup_stm32l496xx.s
      At line 212 in file startup_stm32l496xx.s

EXTI3_IRQHandler 0000001A

Symbol: EXTI3_IRQHandler
   Definitions
      At line 304 in file startup_stm32l496xx.s
   Uses
      At line 57 in file startup_stm32l496xx.s
      At line 213 in file startup_stm32l496xx.s

EXTI4_IRQHandler 0000001A

Symbol: EXTI4_IRQHandler
   Definitions
      At line 305 in file startup_stm32l496xx.s
   Uses
      At line 58 in file startup_stm32l496xx.s
      At line 214 in file startup_stm32l496xx.s

EXTI9_5_IRQHandler 0000001A

Symbol: EXTI9_5_IRQHandler
   Definitions
      At line 318 in file startup_stm32l496xx.s
   Uses
      At line 71 in file startup_stm32l496xx.s
      At line 227 in file startup_stm32l496xx.s

FLASH_IRQHandler 0000001A

Symbol: FLASH_IRQHandler
   Definitions
      At line 299 in file startup_stm32l496xx.s
   Uses
      At line 52 in file startup_stm32l496xx.s
      At line 208 in file startup_stm32l496xx.s

FMC_IRQHandler 0000001A

Symbol: FMC_IRQHandler
   Definitions
      At line 343 in file startup_stm32l496xx.s
   Uses
      At line 96 in file startup_stm32l496xx.s
      At line 252 in file startup_stm32l496xx.s

FPU_IRQHandler 0000001A

Symbol: FPU_IRQHandler
   Definitions
      At line 375 in file startup_stm32l496xx.s
   Uses
      At line 129 in file startup_stm32l496xx.s
      At line 284 in file startup_stm32l496xx.s

HardFault_Handler 0000000A



ARM Macro Assembler    Page 8 Alphabetic symbol ordering
Relocatable symbols


Symbol: HardFault_Handler
   Definitions
      At line 165 in file startup_stm32l496xx.s
   Uses
      At line 33 in file startup_stm32l496xx.s
      At line 166 in file startup_stm32l496xx.s

I2C1_ER_IRQHandler 0000001A

Symbol: I2C1_ER_IRQHandler
   Definitions
      At line 327 in file startup_stm32l496xx.s
   Uses
      At line 80 in file startup_stm32l496xx.s
      At line 236 in file startup_stm32l496xx.s

I2C1_EV_IRQHandler 0000001A

Symbol: I2C1_EV_IRQHandler
   Definitions
      At line 326 in file startup_stm32l496xx.s
   Uses
      At line 79 in file startup_stm32l496xx.s
      At line 235 in file startup_stm32l496xx.s

I2C2_ER_IRQHandler 0000001A

Symbol: I2C2_ER_IRQHandler
   Definitions
      At line 329 in file startup_stm32l496xx.s
   Uses
      At line 82 in file startup_stm32l496xx.s
      At line 238 in file startup_stm32l496xx.s

I2C2_EV_IRQHandler 0000001A

Symbol: I2C2_EV_IRQHandler
   Definitions
      At line 328 in file startup_stm32l496xx.s
   Uses
      At line 81 in file startup_stm32l496xx.s
      At line 237 in file startup_stm32l496xx.s

I2C3_ER_IRQHandler 0000001A

Symbol: I2C3_ER_IRQHandler
   Definitions
      At line 368 in file startup_stm32l496xx.s
   Uses
      At line 121 in file startup_stm32l496xx.s
      At line 277 in file startup_stm32l496xx.s

I2C3_EV_IRQHandler 0000001A

Symbol: I2C3_EV_IRQHandler
   Definitions
      At line 367 in file startup_stm32l496xx.s
   Uses



ARM Macro Assembler    Page 9 Alphabetic symbol ordering
Relocatable symbols

      At line 120 in file startup_stm32l496xx.s
      At line 276 in file startup_stm32l496xx.s

I2C4_ER_IRQHandler 0000001A

Symbol: I2C4_ER_IRQHandler
   Definitions
      At line 378 in file startup_stm32l496xx.s
   Uses
      At line 132 in file startup_stm32l496xx.s
      At line 287 in file startup_stm32l496xx.s

I2C4_EV_IRQHandler 0000001A

Symbol: I2C4_EV_IRQHandler
   Definitions
      At line 377 in file startup_stm32l496xx.s
   Uses
      At line 131 in file startup_stm32l496xx.s
      At line 286 in file startup_stm32l496xx.s

LCD_IRQHandler 0000001A

Symbol: LCD_IRQHandler
   Definitions
      At line 373 in file startup_stm32l496xx.s
   Uses
      At line 126 in file startup_stm32l496xx.s
      At line 282 in file startup_stm32l496xx.s

LPTIM1_IRQHandler 0000001A

Symbol: LPTIM1_IRQHandler
   Definitions
      At line 360 in file startup_stm32l496xx.s
   Uses
      At line 113 in file startup_stm32l496xx.s
      At line 269 in file startup_stm32l496xx.s

LPTIM2_IRQHandler 0000001A

Symbol: LPTIM2_IRQHandler
   Definitions
      At line 361 in file startup_stm32l496xx.s
   Uses
      At line 114 in file startup_stm32l496xx.s
      At line 270 in file startup_stm32l496xx.s

LPUART1_IRQHandler 0000001A

Symbol: LPUART1_IRQHandler
   Definitions
      At line 365 in file startup_stm32l496xx.s
   Uses
      At line 118 in file startup_stm32l496xx.s
      At line 274 in file startup_stm32l496xx.s

MemManage_Handler 0000000C




ARM Macro Assembler    Page 10 Alphabetic symbol ordering
Relocatable symbols

Symbol: MemManage_Handler
   Definitions
      At line 170 in file startup_stm32l496xx.s
   Uses
      At line 34 in file startup_stm32l496xx.s
      At line 171 in file startup_stm32l496xx.s

NMI_Handler 00000008

Symbol: NMI_Handler
   Definitions
      At line 160 in file startup_stm32l496xx.s
   Uses
      At line 32 in file startup_stm32l496xx.s
      At line 161 in file startup_stm32l496xx.s

OTG_FS_IRQHandler 0000001A

Symbol: OTG_FS_IRQHandler
   Definitions
      At line 362 in file startup_stm32l496xx.s
   Uses
      At line 115 in file startup_stm32l496xx.s
      At line 271 in file startup_stm32l496xx.s

PVD_PVM_IRQHandler 0000001A

Symbol: PVD_PVM_IRQHandler
   Definitions
      At line 296 in file startup_stm32l496xx.s
   Uses
      At line 49 in file startup_stm32l496xx.s
      At line 205 in file startup_stm32l496xx.s

PendSV_Handler 00000016

Symbol: PendSV_Handler
   Definitions
      At line 193 in file startup_stm32l496xx.s
   Uses
      At line 44 in file startup_stm32l496xx.s
      At line 194 in file startup_stm32l496xx.s

QUADSPI_IRQHandler 0000001A

Symbol: QUADSPI_IRQHandler
   Definitions
      At line 366 in file startup_stm32l496xx.s
   Uses
      At line 119 in file startup_stm32l496xx.s
      At line 275 in file startup_stm32l496xx.s

RCC_IRQHandler 0000001A

Symbol: RCC_IRQHandler
   Definitions
      At line 300 in file startup_stm32l496xx.s
   Uses
      At line 53 in file startup_stm32l496xx.s



ARM Macro Assembler    Page 11 Alphabetic symbol ordering
Relocatable symbols

      At line 209 in file startup_stm32l496xx.s

RNG_IRQHandler 0000001A

Symbol: RNG_IRQHandler
   Definitions
      At line 374 in file startup_stm32l496xx.s
   Uses
      At line 128 in file startup_stm32l496xx.s
      At line 283 in file startup_stm32l496xx.s

RTC_Alarm_IRQHandler 0000001A

Symbol: RTC_Alarm_IRQHandler
   Definitions
      At line 336 in file startup_stm32l496xx.s
   Uses
      At line 89 in file startup_stm32l496xx.s
      At line 245 in file startup_stm32l496xx.s

RTC_WKUP_IRQHandler 0000001A

Symbol: RTC_WKUP_IRQHandler
   Definitions
      At line 298 in file startup_stm32l496xx.s
   Uses
      At line 51 in file startup_stm32l496xx.s
      At line 207 in file startup_stm32l496xx.s

Reset_Handler 00000000

Symbol: Reset_Handler
   Definitions
      At line 147 in file startup_stm32l496xx.s
   Uses
      At line 31 in file startup_stm32l496xx.s
      At line 148 in file startup_stm32l496xx.s

SAI1_IRQHandler 0000001A

Symbol: SAI1_IRQHandler
   Definitions
      At line 369 in file startup_stm32l496xx.s
   Uses
      At line 122 in file startup_stm32l496xx.s
      At line 278 in file startup_stm32l496xx.s

SAI2_IRQHandler 0000001A

Symbol: SAI2_IRQHandler
   Definitions
      At line 370 in file startup_stm32l496xx.s
   Uses
      At line 123 in file startup_stm32l496xx.s
      At line 279 in file startup_stm32l496xx.s

SDMMC1_IRQHandler 0000001A

Symbol: SDMMC1_IRQHandler



ARM Macro Assembler    Page 12 Alphabetic symbol ordering
Relocatable symbols

   Definitions
      At line 344 in file startup_stm32l496xx.s
   Uses
      At line 97 in file startup_stm32l496xx.s
      At line 253 in file startup_stm32l496xx.s

SPI1_IRQHandler 0000001A

Symbol: SPI1_IRQHandler
   Definitions
      At line 330 in file startup_stm32l496xx.s
   Uses
      At line 83 in file startup_stm32l496xx.s
      At line 239 in file startup_stm32l496xx.s

SPI2_IRQHandler 0000001A

Symbol: SPI2_IRQHandler
   Definitions
      At line 331 in file startup_stm32l496xx.s
   Uses
      At line 84 in file startup_stm32l496xx.s
      At line 240 in file startup_stm32l496xx.s

SPI3_IRQHandler 0000001A

Symbol: SPI3_IRQHandler
   Definitions
      At line 346 in file startup_stm32l496xx.s
   Uses
      At line 99 in file startup_stm32l496xx.s
      At line 255 in file startup_stm32l496xx.s

SVC_Handler 00000012

Symbol: SVC_Handler
   Definitions
      At line 184 in file startup_stm32l496xx.s
   Uses
      At line 41 in file startup_stm32l496xx.s
      At line 185 in file startup_stm32l496xx.s

SWPMI1_IRQHandler 0000001A

Symbol: SWPMI1_IRQHandler
   Definitions
      At line 371 in file startup_stm32l496xx.s
   Uses
      At line 124 in file startup_stm32l496xx.s
      At line 280 in file startup_stm32l496xx.s

SysTick_Handler 00000018

Symbol: SysTick_Handler
   Definitions
      At line 197 in file startup_stm32l496xx.s
   Uses
      At line 45 in file startup_stm32l496xx.s
      At line 198 in file startup_stm32l496xx.s



ARM Macro Assembler    Page 13 Alphabetic symbol ordering
Relocatable symbols


TAMP_STAMP_IRQHandler 0000001A

Symbol: TAMP_STAMP_IRQHandler
   Definitions
      At line 297 in file startup_stm32l496xx.s
   Uses
      At line 50 in file startup_stm32l496xx.s
      At line 206 in file startup_stm32l496xx.s

TIM1_BRK_TIM15_IRQHandler 0000001A

Symbol: TIM1_BRK_TIM15_IRQHandler
   Definitions
      At line 319 in file startup_stm32l496xx.s
   Uses
      At line 72 in file startup_stm32l496xx.s
      At line 228 in file startup_stm32l496xx.s

TIM1_CC_IRQHandler 0000001A

Symbol: TIM1_CC_IRQHandler
   Definitions
      At line 322 in file startup_stm32l496xx.s
   Uses
      At line 75 in file startup_stm32l496xx.s
      At line 231 in file startup_stm32l496xx.s

TIM1_TRG_COM_TIM17_IRQHandler 0000001A

Symbol: TIM1_TRG_COM_TIM17_IRQHandler
   Definitions
      At line 321 in file startup_stm32l496xx.s
   Uses
      At line 74 in file startup_stm32l496xx.s
      At line 230 in file startup_stm32l496xx.s

TIM1_UP_TIM16_IRQHandler 0000001A

Symbol: TIM1_UP_TIM16_IRQHandler
   Definitions
      At line 320 in file startup_stm32l496xx.s
   Uses
      At line 73 in file startup_stm32l496xx.s
      At line 229 in file startup_stm32l496xx.s

TIM2_IRQHandler 0000001A

Symbol: TIM2_IRQHandler
   Definitions
      At line 323 in file startup_stm32l496xx.s
   Uses
      At line 76 in file startup_stm32l496xx.s
      At line 232 in file startup_stm32l496xx.s

TIM3_IRQHandler 0000001A

Symbol: TIM3_IRQHandler
   Definitions



ARM Macro Assembler    Page 14 Alphabetic symbol ordering
Relocatable symbols

      At line 324 in file startup_stm32l496xx.s
   Uses
      At line 77 in file startup_stm32l496xx.s
      At line 233 in file startup_stm32l496xx.s

TIM4_IRQHandler 0000001A

Symbol: TIM4_IRQHandler
   Definitions
      At line 325 in file startup_stm32l496xx.s
   Uses
      At line 78 in file startup_stm32l496xx.s
      At line 234 in file startup_stm32l496xx.s

TIM5_IRQHandler 0000001A

Symbol: TIM5_IRQHandler
   Definitions
      At line 345 in file startup_stm32l496xx.s
   Uses
      At line 98 in file startup_stm32l496xx.s
      At line 254 in file startup_stm32l496xx.s

TIM6_DAC_IRQHandler 0000001A

Symbol: TIM6_DAC_IRQHandler
   Definitions
      At line 349 in file startup_stm32l496xx.s
   Uses
      At line 102 in file startup_stm32l496xx.s
      At line 258 in file startup_stm32l496xx.s

TIM7_IRQHandler 0000001A

Symbol: TIM7_IRQHandler
   Definitions
      At line 350 in file startup_stm32l496xx.s
   Uses
      At line 103 in file startup_stm32l496xx.s
      At line 259 in file startup_stm32l496xx.s

TIM8_BRK_IRQHandler 0000001A

Symbol: TIM8_BRK_IRQHandler
   Definitions
      At line 338 in file startup_stm32l496xx.s
   Uses
      At line 91 in file startup_stm32l496xx.s
      At line 247 in file startup_stm32l496xx.s

TIM8_CC_IRQHandler 0000001A

Symbol: TIM8_CC_IRQHandler
   Definitions
      At line 341 in file startup_stm32l496xx.s
   Uses
      At line 94 in file startup_stm32l496xx.s
      At line 250 in file startup_stm32l496xx.s




ARM Macro Assembler    Page 15 Alphabetic symbol ordering
Relocatable symbols

TIM8_TRG_COM_IRQHandler 0000001A

Symbol: TIM8_TRG_COM_IRQHandler
   Definitions
      At line 340 in file startup_stm32l496xx.s
   Uses
      At line 93 in file startup_stm32l496xx.s
      At line 249 in file startup_stm32l496xx.s

TIM8_UP_IRQHandler 0000001A

Symbol: TIM8_UP_IRQHandler
   Definitions
      At line 339 in file startup_stm32l496xx.s
   Uses
      At line 92 in file startup_stm32l496xx.s
      At line 248 in file startup_stm32l496xx.s

TSC_IRQHandler 0000001A

Symbol: TSC_IRQHandler
   Definitions
      At line 372 in file startup_stm32l496xx.s
   Uses
      At line 125 in file startup_stm32l496xx.s
      At line 281 in file startup_stm32l496xx.s

UART4_IRQHandler 0000001A

Symbol: UART4_IRQHandler
   Definitions
      At line 347 in file startup_stm32l496xx.s
   Uses
      At line 100 in file startup_stm32l496xx.s
      At line 256 in file startup_stm32l496xx.s

UART5_IRQHandler 0000001A

Symbol: UART5_IRQHandler
   Definitions
      At line 348 in file startup_stm32l496xx.s
   Uses
      At line 101 in file startup_stm32l496xx.s
      At line 257 in file startup_stm32l496xx.s

USART1_IRQHandler 0000001A

Symbol: USART1_IRQHandler
   Definitions
      At line 332 in file startup_stm32l496xx.s
   Uses
      At line 85 in file startup_stm32l496xx.s
      At line 241 in file startup_stm32l496xx.s

USART2_IRQHandler 0000001A

Symbol: USART2_IRQHandler
   Definitions
      At line 333 in file startup_stm32l496xx.s



ARM Macro Assembler    Page 16 Alphabetic symbol ordering
Relocatable symbols

   Uses
      At line 86 in file startup_stm32l496xx.s
      At line 242 in file startup_stm32l496xx.s

USART3_IRQHandler 0000001A

Symbol: USART3_IRQHandler
   Definitions
      At line 334 in file startup_stm32l496xx.s
   Uses
      At line 87 in file startup_stm32l496xx.s
      At line 243 in file startup_stm32l496xx.s

UsageFault_Handler 00000010

Symbol: UsageFault_Handler
   Definitions
      At line 180 in file startup_stm32l496xx.s
   Uses
      At line 36 in file startup_stm32l496xx.s
      At line 181 in file startup_stm32l496xx.s

WWDG_IRQHandler 0000001A

Symbol: WWDG_IRQHandler
   Definitions
      At line 295 in file startup_stm32l496xx.s
   Uses
      At line 48 in file startup_stm32l496xx.s
      At line 204 in file startup_stm32l496xx.s

102 symbols



ARM Macro Assembler    Page 1 Alphabetic symbol ordering
Absolute symbols

Heap_Size 00000200

Symbol: Heap_Size
   Definitions
      At line 13 in file startup_stm32l496xx.s
   Uses
      At line 17 in file startup_stm32l496xx.s
Comment: Heap_Size used once
Stack_Size 00000400

Symbol: Stack_Size
   Definitions
      At line 2 in file startup_stm32l496xx.s
   Uses
      At line 5 in file startup_stm32l496xx.s
Comment: Stack_Size used once
__Vectors_Size 000001AC

Symbol: __Vectors_Size
   Definitions
      At line 142 in file startup_stm32l496xx.s
   Uses
      At line 28 in file startup_stm32l496xx.s
Comment: __Vectors_Size used once
3 symbols



ARM Macro Assembler    Page 1 Alphabetic symbol ordering
External symbols

SystemInit 00000000

Symbol: SystemInit
   Definitions
      At line 149 in file startup_stm32l496xx.s
   Uses
      At line 152 in file startup_stm32l496xx.s
Comment: SystemInit used once
__main 00000000

Symbol: __main
   Definitions
      At line 150 in file startup_stm32l496xx.s
   Uses
      At line 154 in file startup_stm32l496xx.s
Comment: __main used once
2 symbols
451 symbols in table
